<!DOCTYPE html>

<html>
  <head>
  <meta charset='utf-8'>
  <title>TestNG reports</title>

    <link type="text/css" href="testng-reports1.css" rel="stylesheet" id="ultra" />
    <link type="text/css" href="testng-reports.css" rel="stylesheet" id="retro" disabled="false"/>
    <script type="text/javascript" src="jquery.min.js"></script>
    <script type="text/javascript" src="testng-reports.js"></script>
    <script type="text/javascript" src="https://www.google.com/jsapi"></script>
    <script type='text/javascript'>
      google.load('visualization', '1', {packages:['table']});
      google.setOnLoadCallback(drawTable);
      var suiteTableInitFunctions = new Array();
      var suiteTableData = new Array();
    </script>
    <!--
      <script type="text/javascript" src="jquery-ui/js/jquery-ui-1.8.16.custom.min.js"></script>
     -->
  </head>

  <body>
    <div class="top-banner-root">
      <span class="top-banner-title-font">Test results</span>
      <button id="button" class="button">Switch Retro Theme</button> <!-- button -->
      <br/>
      <span class="top-banner-font-1">1 suite, 4 failed tests</span>
    </div> <!-- top-banner-root -->
    <div class="navigator-root">
      <div class="navigator-suite-header">
        <span>All suites</span>
        <a href="#" title="Collapse/expand all the suites" class="collapse-all-link">
          <img src="collapseall.gif" class="collapse-all-icon">
          </img> <!-- collapse-all-icon -->
        </a> <!-- collapse-all-link -->
      </div> <!-- navigator-suite-header -->
      <div class="suite">
        <div class="rounded-window">
          <div class="suite-header light-rounded-window-top">
            <a href="#" panel-name="suite-Testng_Cucumber_Suite" class="navigator-link">
              <span class="suite-name border-failed">Testng Cucumber Suite</span>
            </a> <!-- navigator-link -->
          </div> <!-- suite-header light-rounded-window-top -->
          <div class="navigator-suite-content">
            <div class="suite-section-title">
              <span>Info</span>
            </div> <!-- suite-section-title -->
            <div class="suite-section-content">
              <ul>
                <li>
                  <a href="#" panel-name="test-xml-Testng_Cucumber_Suite" class="navigator-link ">
                    <span>C:\Users\Rahul Saha\Desktop\Web_Test_Automation-selenium_grid\XML\TestNG.xml</span>
                  </a> <!-- navigator-link  -->
                </li>
                <li>
                  <a href="#" panel-name="testlist-Testng_Cucumber_Suite" class="navigator-link ">
                    <span class="test-stats">1 test</span>
                  </a> <!-- navigator-link  -->
                </li>
                <li>
                  <a href="#" panel-name="group-Testng_Cucumber_Suite" class="navigator-link ">
                    <span>1 group</span>
                  </a> <!-- navigator-link  -->
                </li>
                <li>
                  <a href="#" panel-name="times-Testng_Cucumber_Suite" class="navigator-link ">
                    <span>Times</span>
                  </a> <!-- navigator-link  -->
                </li>
                <li>
                  <a href="#" panel-name="reporter-Testng_Cucumber_Suite" class="navigator-link ">
                    <span>Reporter output</span>
                  </a> <!-- navigator-link  -->
                </li>
                <li>
                  <a href="#" panel-name="ignored-methods-Testng_Cucumber_Suite" class="navigator-link ">
                    <span>Ignored methods</span>
                  </a> <!-- navigator-link  -->
                </li>
                <li>
                  <a href="#" panel-name="chronological-Testng_Cucumber_Suite" class="navigator-link ">
                    <span>Chronological view</span>
                  </a> <!-- navigator-link  -->
                </li>
              </ul>
            </div> <!-- suite-section-content -->
            <div class="result-section">
              <div class="suite-section-title">
                <span>Results</span>
              </div> <!-- suite-section-title -->
              <div class="suite-section-content">
                <ul>
                  <li>
                    <span class="method-stats">14 methods, 4 failed,   10 passed</span>
                  </li>
                  <li>
                    <span class="method-list-title failed">Failed methods</span>
                    <span class="show-or-hide-methods failed">
                      <a href="#" panel-name="suite-Testng_Cucumber_Suite" class="hide-methods failed suite-Testng_Cucumber_Suite"> (hide)</a> <!-- hide-methods failed suite-Testng_Cucumber_Suite -->
                      <a href="#" panel-name="suite-Testng_Cucumber_Suite" class="show-methods failed suite-Testng_Cucumber_Suite"> (show)</a> <!-- show-methods failed suite-Testng_Cucumber_Suite -->
                    </span>
                    <div class="method-list-content failed suite-Testng_Cucumber_Suite">
                      <span>
                        <img src="failed.png" width="3%"/>
                        <a href="#" panel-name="suite-Testng_Cucumber_Suite" title="TestRunner.TestRunner" class="method navigator-link" hash-for-method="runScenario(&quot;Check User Can Sing UP&quot;, &quot;Optional[Verify Daraz works properly]&quot;)">runScenario("Check User Can Sing UP", "Optional[Verify Daraz works properly]")</a> <!-- method navigator-link -->
                      </span>
                      <br/>
                      <span>
                        <img src="failed.png" width="3%"/>
                        <a href="#" panel-name="suite-Testng_Cucumber_Suite" title="TestRunner.TestRunner" class="method navigator-link" hash-for-method="runScenario(&quot;Verify User and Can login&quot;, &quot;Optional[Verify Daraz works properly]&quot;)">runScenario("Verify User and Can login", "Optional[Verify Daraz works properly]")</a> <!-- method navigator-link -->
                      </span>
                      <br/>
                      <span>
                        <img src="failed.png" width="3%"/>
                        <a href="#" panel-name="suite-Testng_Cucumber_Suite" title="TestRunner.TestRunner" class="method navigator-link" hash-for-method="runScenario(&quot;Search field Check&quot;, &quot;Optional[Verify Daraz works properly]&quot;)">runScenario("Search field Check", "Optional[Verify Daraz works properly]")</a> <!-- method navigator-link -->
                      </span>
                      <br/>
                      <span>
                        <img src="failed.png" width="3%"/>
                        <a href="#" panel-name="suite-Testng_Cucumber_Suite" title="TestRunner.TestRunner" class="method navigator-link" hash-for-method="runScenario(&quot;View With Category Field&quot;, &quot;Optional[Verify Daraz works properly]&quot;)">runScenario("View With Category Field", "Optional[Verify Daraz works properly]")</a> <!-- method navigator-link -->
                      </span>
                      <br/>
                    </div> <!-- method-list-content failed suite-Testng_Cucumber_Suite -->
                  </li>
                  <li>
                    <span class="method-list-title passed">Passed methods</span>
                    <span class="show-or-hide-methods passed">
                      <a href="#" panel-name="suite-Testng_Cucumber_Suite" class="hide-methods passed suite-Testng_Cucumber_Suite"> (hide)</a> <!-- hide-methods passed suite-Testng_Cucumber_Suite -->
                      <a href="#" panel-name="suite-Testng_Cucumber_Suite" class="show-methods passed suite-Testng_Cucumber_Suite"> (show)</a> <!-- show-methods passed suite-Testng_Cucumber_Suite -->
                    </span>
                    <div class="method-list-content passed suite-Testng_Cucumber_Suite">
                      <span>
                        <img src="passed.png" width="3%"/>
                        <a href="#" panel-name="suite-Testng_Cucumber_Suite" title="TestRunner.TestRunner" class="method navigator-link" hash-for-method="runScenario(&quot;Verify that POST YOUR AD button show Properly&quot;, &quot;Optional[Verify Brikroy.com Website work properly]...)">runScenario("Verify that POST YOUR AD button show Properly", "Optional[Verify Brikroy.com Website work properly]...)</a> <!-- method navigator-link -->
                      </span>
                      <br/>
                      <span>
                        <img src="passed.png" width="3%"/>
                        <a href="#" panel-name="suite-Testng_Cucumber_Suite" title="TestRunner.TestRunner" class="method navigator-link" hash-for-method="runScenario(&quot;Verify that Chat button show Properly&quot;, &quot;Optional[Verify Brikroy.com Website work properly]&quot;)">runScenario("Verify that Chat button show Properly", "Optional[Verify Brikroy.com Website work properly]")</a> <!-- method navigator-link -->
                      </span>
                      <br/>
                      <span>
                        <img src="passed.png" width="3%"/>
                        <a href="#" panel-name="suite-Testng_Cucumber_Suite" title="TestRunner.TestRunner" class="method navigator-link" hash-for-method="runScenario(&quot;Verify that Login button show Properly&quot;, &quot;Optional[Verify Brikroy.com Website work properly]&quot;)">runScenario("Verify that Login button show Properly", "Optional[Verify Brikroy.com Website work properly]")</a> <!-- method navigator-link -->
                      </span>
                      <br/>
                      <span>
                        <img src="passed.png" width="3%"/>
                        <a href="#" panel-name="suite-Testng_Cucumber_Suite" title="TestRunner.TestRunner" class="method navigator-link" hash-for-method="runScenario(&quot;Verify that Search option work Properly&quot;, &quot;Optional[Verify Brikroy icon work properly_2]&quot;)">runScenario("Verify that Search option work Properly", "Optional[Verify Brikroy icon work properly_2]")</a> <!-- method navigator-link -->
                      </span>
                      <br/>
                      <span>
                        <img src="passed.png" width="3%"/>
                        <a href="#" panel-name="suite-Testng_Cucumber_Suite" title="TestRunner.TestRunner" class="method navigator-link" hash-for-method="runScenario(&quot;Product Display&quot;, &quot;Optional[Verify Product Display properly]&quot;)">runScenario("Product Display", "Optional[Verify Product Display properly]")</a> <!-- method navigator-link -->
                      </span>
                      <br/>
                      <span>
                        <img src="passed.png" width="3%"/>
                        <a href="#" panel-name="suite-Testng_Cucumber_Suite" title="TestRunner.TestRunner" class="method navigator-link" hash-for-method="runScenario(&quot;Verify that All Ads Option show Properly&quot;, &quot;Optional[Verify Brikroy.com Website work properly]&quot;)">runScenario("Verify that All Ads Option show Properly", "Optional[Verify Brikroy.com Website work properly]")</a> <!-- method navigator-link -->
                      </span>
                      <br/>
                      <span>
                        <img src="passed.png" width="3%"/>
                        <a href="#" panel-name="suite-Testng_Cucumber_Suite" title="TestRunner.TestRunner" class="method navigator-link" hash-for-method="runScenario(&quot;Verify Bikroy logo work properly&quot;, &quot;Optional[Verify Brikroy.com Website work properly]&quot;)">runScenario("Verify Bikroy logo work properly", "Optional[Verify Brikroy.com Website work properly]")</a> <!-- method navigator-link -->
                      </span>
                      <br/>
                      <span>
                        <img src="passed.png" width="3%"/>
                        <a href="#" panel-name="suite-Testng_Cucumber_Suite" title="TestRunner.TestRunner" class="method navigator-link" hash-for-method="runScenario(&quot;Verify that Location button show Properly&quot;, &quot;Optional[Verify Brikroy icon work properly_2]&quot;)">runScenario("Verify that Location button show Properly", "Optional[Verify Brikroy icon work properly_2]")</a> <!-- method navigator-link -->
                      </span>
                      <br/>
                      <span>
                        <img src="passed.png" width="3%"/>
                        <a href="#" panel-name="suite-Testng_Cucumber_Suite" title="TestRunner.TestRunner" class="method navigator-link" hash-for-method="runScenario(&quot;Verify that Language button show Properly&quot;, &quot;Optional[Verify Brikroy icon work properly_2]&quot;)">runScenario("Verify that Language button show Properly", "Optional[Verify Brikroy icon work properly_2]")</a> <!-- method navigator-link -->
                      </span>
                      <br/>
                      <span>
                        <img src="passed.png" width="3%"/>
                        <a href="#" panel-name="suite-Testng_Cucumber_Suite" title="TestRunner.TestRunner" class="method navigator-link" hash-for-method="runScenario(&quot;Verify that Search bar show Properly&quot;, &quot;Optional[Verify Brikroy icon work properly_2]&quot;)">runScenario("Verify that Search bar show Properly", "Optional[Verify Brikroy icon work properly_2]")</a> <!-- method navigator-link -->
                      </span>
                      <br/>
                    </div> <!-- method-list-content passed suite-Testng_Cucumber_Suite -->
                  </li>
                </ul>
              </div> <!-- suite-section-content -->
            </div> <!-- result-section -->
          </div> <!-- navigator-suite-content -->
        </div> <!-- rounded-window -->
      </div> <!-- suite -->
    </div> <!-- navigator-root -->
    <div class="wrapper">
      <div class="main-panel-root">
        <div panel-name="suite-Testng_Cucumber_Suite" class="panel Testng_Cucumber_Suite">
          <div class="suite-Testng_Cucumber_Suite-class-failed">
            <div class="main-panel-header rounded-window-top">
              <img src="failed.png"/>
              <span class="class-name">TestRunner.TestRunner</span>
            </div> <!-- main-panel-header rounded-window-top -->
            <div class="main-panel-content rounded-window-bottom">
              <div class="method">
                <div class="method-content">
                  <a name="runScenario(&quot;Check User Can Sing UP&quot;, &quot;Optional[Verify Daraz works properly]&quot;)">
                  </a> <!-- runScenario("Check User Can Sing UP", "Optional[Verify Daraz works properly]") -->
                  <span class="method-name">runScenario</span>
                  <span class="parameters">("Check User Can Sing UP", "Optional[Verify Daraz works properly]")</span>
                  <div class="stack-trace">org.openqa.selenium.NoSuchElementException: no such element: Unable to locate element: {&quot;method&quot;:&quot;xpath&quot;,&quot;selector&quot;:&quot;//a[normalize-space()=&apos;Sign Up&apos;]&quot;}
  (Session info: chrome=128.0.6613.85)
For documentation on this error, please visit: https://selenium.dev/exceptions/#no_such_element
Build info: version: &apos;4.1.3&apos;, revision: &apos;7b1ebf28ef&apos;
System info: host: &apos;DESKTOP-BVQA7TS&apos;, ip: &apos;192.168.56.1&apos;, os.name: &apos;Windows 11&apos;, os.arch: &apos;amd64&apos;, os.version: &apos;10.0&apos;, java.version: &apos;17.0.5&apos;
Driver info: org.openqa.selenium.remote.RemoteWebDriver
Command: [1a8601ad9d52522a3c3106b75b3090a3, findElement {using=xpath, value=//a[normalize-space()=&apos;Sign Up&apos;]}]
Capabilities {acceptInsecureCerts: false, browserName: chrome, browserVersion: 128.0.6613.85, chrome: {chromedriverVersion: 128.0.6613.84 (606aa55c7d68..., userDataDir: C:\Users\RAHULS~1\AppData\L...}, fedcm:accounts: true, goog:chromeOptions: {debuggerAddress: localhost:50117}, javascriptEnabled: true, networkConnectionEnabled: false, pageLoadStrategy: normal, platform: XP, platformName: XP, proxy: Proxy(), se:bidiEnabled: false, se:cdp: ws://localhost:4444/session..., se:cdpVersion: 128.0.6613.85, setWindowRect: true, strictFileInteractability: false, timeouts: {implicit: 0, pageLoad: 300000, script: 30000}, unhandledPromptBehavior: dismiss and notify, webauthn:extension:credBlob: true, webauthn:extension:largeBlob: true, webauthn:extension:minPinLength: true, webauthn:extension:prf: true, webauthn:virtualAuthenticators: true}
Session ID: 1a8601ad9d52522a3c3106b75b3090a3
	at org.openqa.selenium.remote.codec.w3c.W3CHttpResponseCodec.createException(W3CHttpResponseCodec.java:200)
	at org.openqa.selenium.remote.codec.w3c.W3CHttpResponseCodec.decode(W3CHttpResponseCodec.java:133)
	at org.openqa.selenium.remote.codec.w3c.W3CHttpResponseCodec.decode(W3CHttpResponseCodec.java:53)
	at org.openqa.selenium.remote.HttpCommandExecutor.execute(HttpCommandExecutor.java:184)
	at org.openqa.selenium.remote.TracedCommandExecutor.execute(TracedCommandExecutor.java:51)
	at org.openqa.selenium.remote.RemoteWebDriver.execute(RemoteWebDriver.java:567)
	at org.openqa.selenium.remote.ElementLocation$ElementFinder$2.findElement(ElementLocation.java:162)
	at org.openqa.selenium.remote.ElementLocation.findElement(ElementLocation.java:60)
	at org.openqa.selenium.remote.RemoteWebDriver.findElement(RemoteWebDriver.java:385)
	at org.openqa.selenium.remote.RemoteWebDriver.findElement(RemoteWebDriver.java:377)
	at HomePage.HomePage_1.SingUpButton(HomePage_1.java:45)
	at StepDef.daraz_setp.checkSingUpButtonIsAvailable(daraz_setp.java:138)
	at ✽.Check the Sing Up button(file:///C:/Users/Rahul%20Saha/Desktop/Web_Test_Automation-selenium_grid/src/test/java/Feature/daraz.feature:31)
... Removed 5 stack frames
</div> <!-- stack-trace -->
                  <em>
(Runs Cucumber Scenarios)                  </em>
                </div> <!-- method-content -->
              </div> <!-- method -->
              <div class="method">
                <div class="method-content">
                  <a name="runScenario(&quot;Verify User and Can login&quot;, &quot;Optional[Verify Daraz works properly]&quot;)">
                  </a> <!-- runScenario("Verify User and Can login", "Optional[Verify Daraz works properly]") -->
                  <span class="method-name">runScenario</span>
                  <span class="parameters">("Verify User and Can login", "Optional[Verify Daraz works properly]")</span>
                  <div class="stack-trace">org.openqa.selenium.NoSuchElementException: no such element: Unable to locate element: {&quot;method&quot;:&quot;xpath&quot;,&quot;selector&quot;:&quot;//input[@placeholder=&apos;Please enter your Phone Number or Email&apos;]&quot;}
  (Session info: chrome=128.0.6613.85)
For documentation on this error, please visit: https://selenium.dev/exceptions/#no_such_element
Build info: version: &apos;4.1.3&apos;, revision: &apos;7b1ebf28ef&apos;
System info: host: &apos;DESKTOP-BVQA7TS&apos;, ip: &apos;192.168.56.1&apos;, os.name: &apos;Windows 11&apos;, os.arch: &apos;amd64&apos;, os.version: &apos;10.0&apos;, java.version: &apos;17.0.5&apos;
Driver info: org.openqa.selenium.remote.RemoteWebDriver
Command: [c92b95a2dd478a0090ecfbd288cb1b72, findElement {using=xpath, value=//input[@placeholder=&apos;Please enter your Phone Number or Email&apos;]}]
Capabilities {acceptInsecureCerts: false, browserName: chrome, browserVersion: 128.0.6613.85, chrome: {chromedriverVersion: 128.0.6613.84 (606aa55c7d68..., userDataDir: C:\Users\RAHULS~1\AppData\L...}, fedcm:accounts: true, goog:chromeOptions: {debuggerAddress: localhost:49604}, javascriptEnabled: true, networkConnectionEnabled: false, pageLoadStrategy: normal, platform: XP, platformName: XP, proxy: Proxy(), se:bidiEnabled: false, se:cdp: ws://localhost:4444/session..., se:cdpVersion: 128.0.6613.85, setWindowRect: true, strictFileInteractability: false, timeouts: {implicit: 0, pageLoad: 300000, script: 30000}, unhandledPromptBehavior: dismiss and notify, webauthn:extension:credBlob: true, webauthn:extension:largeBlob: true, webauthn:extension:minPinLength: true, webauthn:extension:prf: true, webauthn:virtualAuthenticators: true}
Session ID: c92b95a2dd478a0090ecfbd288cb1b72
	at org.openqa.selenium.remote.codec.w3c.W3CHttpResponseCodec.createException(W3CHttpResponseCodec.java:200)
	at org.openqa.selenium.remote.codec.w3c.W3CHttpResponseCodec.decode(W3CHttpResponseCodec.java:133)
	at org.openqa.selenium.remote.codec.w3c.W3CHttpResponseCodec.decode(W3CHttpResponseCodec.java:53)
	at org.openqa.selenium.remote.HttpCommandExecutor.execute(HttpCommandExecutor.java:184)
	at org.openqa.selenium.remote.TracedCommandExecutor.execute(TracedCommandExecutor.java:51)
	at org.openqa.selenium.remote.RemoteWebDriver.execute(RemoteWebDriver.java:567)
	at org.openqa.selenium.remote.ElementLocation$ElementFinder$2.findElement(ElementLocation.java:162)
	at org.openqa.selenium.remote.ElementLocation.findElement(ElementLocation.java:60)
	at org.openqa.selenium.remote.RemoteWebDriver.findElement(RemoteWebDriver.java:385)
	at org.openqa.selenium.remote.RemoteWebDriver.findElement(RemoteWebDriver.java:377)
	at HomePage.HomePage_1.InputNum(HomePage_1.java:38)
	at StepDef.daraz_setp.ValueForLoginEmail(daraz_setp.java:44)
	at ✽.Click on the Email Field(file:///C:/Users/Rahul%20Saha/Desktop/Web_Test_Automation-selenium_grid/src/test/java/Feature/daraz.feature:7)
... Removed 5 stack frames
</div> <!-- stack-trace -->
                  <em>
(Runs Cucumber Scenarios)                  </em>
                </div> <!-- method-content -->
              </div> <!-- method -->
              <div class="method">
                <div class="method-content">
                  <a name="runScenario(&quot;Search field Check&quot;, &quot;Optional[Verify Daraz works properly]&quot;)">
                  </a> <!-- runScenario("Search field Check", "Optional[Verify Daraz works properly]") -->
                  <span class="method-name">runScenario</span>
                  <span class="parameters">("Search field Check", "Optional[Verify Daraz works properly]")</span>
                  <div class="stack-trace">org.openqa.selenium.NoSuchElementException: no such element: Unable to locate element: {&quot;method&quot;:&quot;xpath&quot;,&quot;selector&quot;:&quot;//input[@id=&apos;q&apos;]&quot;}
  (Session info: chrome=128.0.6613.85)
For documentation on this error, please visit: https://selenium.dev/exceptions/#no_such_element
Build info: version: &apos;4.1.3&apos;, revision: &apos;7b1ebf28ef&apos;
System info: host: &apos;DESKTOP-BVQA7TS&apos;, ip: &apos;192.168.56.1&apos;, os.name: &apos;Windows 11&apos;, os.arch: &apos;amd64&apos;, os.version: &apos;10.0&apos;, java.version: &apos;17.0.5&apos;
Driver info: org.openqa.selenium.remote.RemoteWebDriver
Command: [f029d7028ed5684762df860f040bd6cc, findElement {using=xpath, value=//input[@id=&apos;q&apos;]}]
Capabilities {acceptInsecureCerts: false, browserName: chrome, browserVersion: 128.0.6613.85, chrome: {chromedriverVersion: 128.0.6613.84 (606aa55c7d68..., userDataDir: C:\Users\RAHULS~1\AppData\L...}, fedcm:accounts: true, goog:chromeOptions: {debuggerAddress: localhost:49603}, javascriptEnabled: true, networkConnectionEnabled: false, pageLoadStrategy: normal, platform: XP, platformName: XP, proxy: Proxy(), se:bidiEnabled: false, se:cdp: ws://localhost:4444/session..., se:cdpVersion: 128.0.6613.85, setWindowRect: true, strictFileInteractability: false, timeouts: {implicit: 0, pageLoad: 300000, script: 30000}, unhandledPromptBehavior: dismiss and notify, webauthn:extension:credBlob: true, webauthn:extension:largeBlob: true, webauthn:extension:minPinLength: true, webauthn:extension:prf: true, webauthn:virtualAuthenticators: true}
Session ID: f029d7028ed5684762df860f040bd6cc
	at org.openqa.selenium.remote.codec.w3c.W3CHttpResponseCodec.createException(W3CHttpResponseCodec.java:200)
	at org.openqa.selenium.remote.codec.w3c.W3CHttpResponseCodec.decode(W3CHttpResponseCodec.java:133)
	at org.openqa.selenium.remote.codec.w3c.W3CHttpResponseCodec.decode(W3CHttpResponseCodec.java:53)
	at org.openqa.selenium.remote.HttpCommandExecutor.execute(HttpCommandExecutor.java:184)
	at org.openqa.selenium.remote.TracedCommandExecutor.execute(TracedCommandExecutor.java:51)
	at org.openqa.selenium.remote.RemoteWebDriver.execute(RemoteWebDriver.java:567)
	at org.openqa.selenium.remote.ElementLocation$ElementFinder$2.findElement(ElementLocation.java:162)
	at org.openqa.selenium.remote.ElementLocation.findElement(ElementLocation.java:60)
	at org.openqa.selenium.remote.RemoteWebDriver.findElement(RemoteWebDriver.java:385)
	at org.openqa.selenium.remote.RemoteWebDriver.findElement(RemoteWebDriver.java:377)
	at HomePage.HomePage_1.SearchField(HomePage_1.java:43)
	at StepDef.daraz_setp.ChackSearchField(daraz_setp.java:98)
	at ✽.Check the Search Field on the page(file:///C:/Users/Rahul%20Saha/Desktop/Web_Test_Automation-selenium_grid/src/test/java/Feature/daraz.feature:22)
... Removed 5 stack frames
</div> <!-- stack-trace -->
                  <em>
(Runs Cucumber Scenarios)                  </em>
                </div> <!-- method-content -->
              </div> <!-- method -->
              <div class="method">
                <div class="method-content">
                  <a name="runScenario(&quot;View With Category Field&quot;, &quot;Optional[Verify Daraz works properly]&quot;)">
                  </a> <!-- runScenario("View With Category Field", "Optional[Verify Daraz works properly]") -->
                  <span class="method-name">runScenario</span>
                  <span class="parameters">("View With Category Field", "Optional[Verify Daraz works properly]")</span>
                  <div class="stack-trace">org.openqa.selenium.NoSuchElementException: no such element: Unable to locate element: {&quot;method&quot;:&quot;xpath&quot;,&quot;selector&quot;:&quot;//p[normalize-space()=&apos;Routers&apos;]&quot;}
  (Session info: chrome=128.0.6613.85)
For documentation on this error, please visit: https://selenium.dev/exceptions/#no_such_element
Build info: version: &apos;4.1.3&apos;, revision: &apos;7b1ebf28ef&apos;
System info: host: &apos;DESKTOP-BVQA7TS&apos;, ip: &apos;192.168.56.1&apos;, os.name: &apos;Windows 11&apos;, os.arch: &apos;amd64&apos;, os.version: &apos;10.0&apos;, java.version: &apos;17.0.5&apos;
Driver info: org.openqa.selenium.remote.RemoteWebDriver
Command: [b62650e45bf5abe071c881e21c1318bb, findElement {using=xpath, value=//p[normalize-space()=&apos;Routers&apos;]}]
Capabilities {acceptInsecureCerts: false, browserName: chrome, browserVersion: 128.0.6613.85, chrome: {chromedriverVersion: 128.0.6613.84 (606aa55c7d68..., userDataDir: C:\Users\RAHULS~1\AppData\L...}, fedcm:accounts: true, goog:chromeOptions: {debuggerAddress: localhost:49598}, javascriptEnabled: true, networkConnectionEnabled: false, pageLoadStrategy: normal, platform: XP, platformName: XP, proxy: Proxy(), se:bidiEnabled: false, se:cdp: ws://localhost:4444/session..., se:cdpVersion: 128.0.6613.85, setWindowRect: true, strictFileInteractability: false, timeouts: {implicit: 0, pageLoad: 300000, script: 30000}, unhandledPromptBehavior: dismiss and notify, webauthn:extension:credBlob: true, webauthn:extension:largeBlob: true, webauthn:extension:minPinLength: true, webauthn:extension:prf: true, webauthn:virtualAuthenticators: true}
Session ID: b62650e45bf5abe071c881e21c1318bb
	at org.openqa.selenium.remote.codec.w3c.W3CHttpResponseCodec.createException(W3CHttpResponseCodec.java:200)
	at org.openqa.selenium.remote.codec.w3c.W3CHttpResponseCodec.decode(W3CHttpResponseCodec.java:133)
	at org.openqa.selenium.remote.codec.w3c.W3CHttpResponseCodec.decode(W3CHttpResponseCodec.java:53)
	at org.openqa.selenium.remote.HttpCommandExecutor.execute(HttpCommandExecutor.java:184)
	at org.openqa.selenium.remote.TracedCommandExecutor.execute(TracedCommandExecutor.java:51)
	at org.openqa.selenium.remote.RemoteWebDriver.execute(RemoteWebDriver.java:567)
	at org.openqa.selenium.remote.ElementLocation$ElementFinder$2.findElement(ElementLocation.java:162)
	at org.openqa.selenium.remote.ElementLocation.findElement(ElementLocation.java:60)
	at org.openqa.selenium.remote.RemoteWebDriver.findElement(RemoteWebDriver.java:385)
	at org.openqa.selenium.remote.RemoteWebDriver.findElement(RemoteWebDriver.java:377)
	at HomePage.HomePage_1.CategoryView(HomePage_1.java:41)
	at StepDef.daraz_setp.CategoryView(daraz_setp.java:73)
	at ✽.Check the Category field id showed(file:///C:/Users/Rahul%20Saha/Desktop/Web_Test_Automation-selenium_grid/src/test/java/Feature/daraz.feature:15)
... Removed 5 stack frames
</div> <!-- stack-trace -->
                  <em>
(Runs Cucumber Scenarios)                  </em>
                </div> <!-- method-content -->
              </div> <!-- method -->
            </div> <!-- main-panel-content rounded-window-bottom -->
          </div> <!-- suite-Testng_Cucumber_Suite-class-failed -->
          <div class="suite-Testng_Cucumber_Suite-class-passed">
            <div class="main-panel-header rounded-window-top">
              <img src="passed.png"/>
              <span class="class-name">TestRunner.TestRunner</span>
            </div> <!-- main-panel-header rounded-window-top -->
            <div class="main-panel-content rounded-window-bottom">
              <div class="method">
                <div class="method-content">
                  <a name="runScenario(&quot;Verify that POST YOUR AD button show Properly&quot;, &quot;Optional[Verify Brikroy.com Website work properly]...)">
                  </a> <!-- runScenario("Verify that POST YOUR AD button show Properly", "Optional[Verify Brikroy.com Website work properly]...) -->
                  <span class="method-name">runScenario</span>
                  <span class="parameters">("Verify that POST YOUR AD button show Properly", "Optional[Verify Brikroy.com Website work properly]")</span>
                  <em>
(Runs Cucumber Scenarios)                  </em>
                </div> <!-- method-content -->
              </div> <!-- method -->
              <div class="method">
                <div class="method-content">
                  <a name="runScenario(&quot;Verify that Chat button show Properly&quot;, &quot;Optional[Verify Brikroy.com Website work properly]&quot;)">
                  </a> <!-- runScenario("Verify that Chat button show Properly", "Optional[Verify Brikroy.com Website work properly]") -->
                  <span class="method-name">runScenario</span>
                  <span class="parameters">("Verify that Chat button show Properly", "Optional[Verify Brikroy.com Website work properly]")</span>
                  <em>
(Runs Cucumber Scenarios)                  </em>
                </div> <!-- method-content -->
              </div> <!-- method -->
              <div class="method">
                <div class="method-content">
                  <a name="runScenario(&quot;Verify that Login button show Properly&quot;, &quot;Optional[Verify Brikroy.com Website work properly]&quot;)">
                  </a> <!-- runScenario("Verify that Login button show Properly", "Optional[Verify Brikroy.com Website work properly]") -->
                  <span class="method-name">runScenario</span>
                  <span class="parameters">("Verify that Login button show Properly", "Optional[Verify Brikroy.com Website work properly]")</span>
                  <em>
(Runs Cucumber Scenarios)                  </em>
                </div> <!-- method-content -->
              </div> <!-- method -->
              <div class="method">
                <div class="method-content">
                  <a name="runScenario(&quot;Verify that Search option work Properly&quot;, &quot;Optional[Verify Brikroy icon work properly_2]&quot;)">
                  </a> <!-- runScenario("Verify that Search option work Properly", "Optional[Verify Brikroy icon work properly_2]") -->
                  <span class="method-name">runScenario</span>
                  <span class="parameters">("Verify that Search option work Properly", "Optional[Verify Brikroy icon work properly_2]")</span>
                  <em>
(Runs Cucumber Scenarios)                  </em>
                </div> <!-- method-content -->
              </div> <!-- method -->
              <div class="method">
                <div class="method-content">
                  <a name="runScenario(&quot;Product Display&quot;, &quot;Optional[Verify Product Display properly]&quot;)">
                  </a> <!-- runScenario("Product Display", "Optional[Verify Product Display properly]") -->
                  <span class="method-name">runScenario</span>
                  <span class="parameters">("Product Display", "Optional[Verify Product Display properly]")</span>
                  <em>
(Runs Cucumber Scenarios)                  </em>
                </div> <!-- method-content -->
              </div> <!-- method -->
              <div class="method">
                <div class="method-content">
                  <a name="runScenario(&quot;Verify that All Ads Option show Properly&quot;, &quot;Optional[Verify Brikroy.com Website work properly]&quot;)">
                  </a> <!-- runScenario("Verify that All Ads Option show Properly", "Optional[Verify Brikroy.com Website work properly]") -->
                  <span class="method-name">runScenario</span>
                  <span class="parameters">("Verify that All Ads Option show Properly", "Optional[Verify Brikroy.com Website work properly]")</span>
                  <em>
(Runs Cucumber Scenarios)                  </em>
                </div> <!-- method-content -->
              </div> <!-- method -->
              <div class="method">
                <div class="method-content">
                  <a name="runScenario(&quot;Verify Bikroy logo work properly&quot;, &quot;Optional[Verify Brikroy.com Website work properly]&quot;)">
                  </a> <!-- runScenario("Verify Bikroy logo work properly", "Optional[Verify Brikroy.com Website work properly]") -->
                  <span class="method-name">runScenario</span>
                  <span class="parameters">("Verify Bikroy logo work properly", "Optional[Verify Brikroy.com Website work properly]")</span>
                  <em>
(Runs Cucumber Scenarios)                  </em>
                </div> <!-- method-content -->
              </div> <!-- method -->
              <div class="method">
                <div class="method-content">
                  <a name="runScenario(&quot;Verify that Location button show Properly&quot;, &quot;Optional[Verify Brikroy icon work properly_2]&quot;)">
                  </a> <!-- runScenario("Verify that Location button show Properly", "Optional[Verify Brikroy icon work properly_2]") -->
                  <span class="method-name">runScenario</span>
                  <span class="parameters">("Verify that Location button show Properly", "Optional[Verify Brikroy icon work properly_2]")</span>
                  <em>
(Runs Cucumber Scenarios)                  </em>
                </div> <!-- method-content -->
              </div> <!-- method -->
              <div class="method">
                <div class="method-content">
                  <a name="runScenario(&quot;Verify that Language button show Properly&quot;, &quot;Optional[Verify Brikroy icon work properly_2]&quot;)">
                  </a> <!-- runScenario("Verify that Language button show Properly", "Optional[Verify Brikroy icon work properly_2]") -->
                  <span class="method-name">runScenario</span>
                  <span class="parameters">("Verify that Language button show Properly", "Optional[Verify Brikroy icon work properly_2]")</span>
                  <em>
(Runs Cucumber Scenarios)                  </em>
                </div> <!-- method-content -->
              </div> <!-- method -->
              <div class="method">
                <div class="method-content">
                  <a name="runScenario(&quot;Verify that Search bar show Properly&quot;, &quot;Optional[Verify Brikroy icon work properly_2]&quot;)">
                  </a> <!-- runScenario("Verify that Search bar show Properly", "Optional[Verify Brikroy icon work properly_2]") -->
                  <span class="method-name">runScenario</span>
                  <span class="parameters">("Verify that Search bar show Properly", "Optional[Verify Brikroy icon work properly_2]")</span>
                  <em>
(Runs Cucumber Scenarios)                  </em>
                </div> <!-- method-content -->
              </div> <!-- method -->
            </div> <!-- main-panel-content rounded-window-bottom -->
          </div> <!-- suite-Testng_Cucumber_Suite-class-passed -->
        </div> <!-- panel Testng_Cucumber_Suite -->
        <div panel-name="test-xml-Testng_Cucumber_Suite" class="panel">
          <div class="main-panel-header rounded-window-top">
            <span class="header-content">C:\Users\Rahul Saha\Desktop\Web_Test_Automation-selenium_grid\XML\TestNG.xml</span>
          </div> <!-- main-panel-header rounded-window-top -->
          <div class="main-panel-content rounded-window-bottom">
            <pre>
&lt;?xml version=&quot;1.0&quot; encoding=&quot;UTF-8&quot;?&gt;
&lt;!DOCTYPE suite SYSTEM &quot;https://testng.org/testng-1.0.dtd&quot;&gt;
&lt;suite thread-count=&quot;3&quot; parallel=&quot;tests&quot; data-provider-thread-count=&quot;3&quot; name=&quot;Testng Cucumber Suite&quot; guice-stage=&quot;DEVELOPMENT&quot; verbose=&quot;0&quot;&gt;
  &lt;test thread-count=&quot;3&quot; parallel=&quot;tests&quot; name=&quot;LoginTest&quot; verbose=&quot;0&quot;&gt;
    &lt;parameter name=&quot;browser&quot; value=&quot;firefox&quot;/&gt;
    &lt;classes&gt;
      &lt;class name=&quot;TestRunner.TestRunner&quot;/&gt;
    &lt;/classes&gt;
  &lt;/test&gt; &lt;!-- LoginTest --&gt;
&lt;/suite&gt; &lt;!-- Testng Cucumber Suite --&gt;
            </pre>
          </div> <!-- main-panel-content rounded-window-bottom -->
        </div> <!-- panel -->
        <div panel-name="testlist-Testng_Cucumber_Suite" class="panel">
          <div class="main-panel-header rounded-window-top">
            <span class="header-content">Tests for Testng Cucumber Suite</span>
          </div> <!-- main-panel-header rounded-window-top -->
          <div class="main-panel-content rounded-window-bottom">
            <ul>
              <li>
                <span class="test-name">LoginTest (1 class)</span>
              </li>
            </ul>
          </div> <!-- main-panel-content rounded-window-bottom -->
        </div> <!-- panel -->
        <div panel-name="group-Testng_Cucumber_Suite" class="panel">
          <div class="main-panel-header rounded-window-top">
            <span class="header-content">Groups for Testng Cucumber Suite</span>
          </div> <!-- main-panel-header rounded-window-top -->
          <div class="main-panel-content rounded-window-bottom">
            <div class="test-group">
              <span class="test-group-name">cucumber</span>
              <br/>
              <div class="method-in-group">
                <span class="method-in-group-name">runScenario</span>
                <br/>
              </div> <!-- method-in-group -->
            </div> <!-- test-group -->
          </div> <!-- main-panel-content rounded-window-bottom -->
        </div> <!-- panel -->
        <div panel-name="times-Testng_Cucumber_Suite" class="panel">
          <div class="main-panel-header rounded-window-top">
            <span class="header-content">Times for Testng Cucumber Suite</span>
          </div> <!-- main-panel-header rounded-window-top -->
          <div class="main-panel-content rounded-window-bottom">
            <div class="times-div">
              <script type="text/javascript">
suiteTableInitFunctions.push('tableData_Testng_Cucumber_Suite');
function tableData_Testng_Cucumber_Suite() {
var data = new google.visualization.DataTable();
data.addColumn('number', 'Number');
data.addColumn('string', 'Method');
data.addColumn('string', 'Class');
data.addColumn('number', 'Time (ms)');
data.addRows(14);
data.setCell(0, 0, 0)
data.setCell(0, 1, 'runScenario')
data.setCell(0, 2, 'TestRunner.TestRunner')
data.setCell(0, 3, 159144);
data.setCell(1, 0, 1)
data.setCell(1, 1, 'runScenario')
data.setCell(1, 2, 'TestRunner.TestRunner')
data.setCell(1, 3, 111166);
data.setCell(2, 0, 2)
data.setCell(2, 1, 'runScenario')
data.setCell(2, 2, 'TestRunner.TestRunner')
data.setCell(2, 3, 97854);
data.setCell(3, 0, 3)
data.setCell(3, 1, 'runScenario')
data.setCell(3, 2, 'TestRunner.TestRunner')
data.setCell(3, 3, 48937);
data.setCell(4, 0, 4)
data.setCell(4, 1, 'runScenario')
data.setCell(4, 2, 'TestRunner.TestRunner')
data.setCell(4, 3, 43032);
data.setCell(5, 0, 5)
data.setCell(5, 1, 'runScenario')
data.setCell(5, 2, 'TestRunner.TestRunner')
data.setCell(5, 3, 42119);
data.setCell(6, 0, 6)
data.setCell(6, 1, 'runScenario')
data.setCell(6, 2, 'TestRunner.TestRunner')
data.setCell(6, 3, 29252);
data.setCell(7, 0, 7)
data.setCell(7, 1, 'runScenario')
data.setCell(7, 2, 'TestRunner.TestRunner')
data.setCell(7, 3, 27132);
data.setCell(8, 0, 8)
data.setCell(8, 1, 'runScenario')
data.setCell(8, 2, 'TestRunner.TestRunner')
data.setCell(8, 3, 25936);
data.setCell(9, 0, 9)
data.setCell(9, 1, 'runScenario')
data.setCell(9, 2, 'TestRunner.TestRunner')
data.setCell(9, 3, 25913);
data.setCell(10, 0, 10)
data.setCell(10, 1, 'runScenario')
data.setCell(10, 2, 'TestRunner.TestRunner')
data.setCell(10, 3, 22472);
data.setCell(11, 0, 11)
data.setCell(11, 1, 'runScenario')
data.setCell(11, 2, 'TestRunner.TestRunner')
data.setCell(11, 3, 19599);
data.setCell(12, 0, 12)
data.setCell(12, 1, 'runScenario')
data.setCell(12, 2, 'TestRunner.TestRunner')
data.setCell(12, 3, 18248);
data.setCell(13, 0, 13)
data.setCell(13, 1, 'runScenario')
data.setCell(13, 2, 'TestRunner.TestRunner')
data.setCell(13, 3, 17176);
window.suiteTableData['Testng_Cucumber_Suite']= { tableData: data, tableDiv: 'times-div-Testng_Cucumber_Suite'}
return data;
}
              </script>
              <span class="suite-total-time">Total running time: 4 minutes</span>
              <div id="times-div-Testng_Cucumber_Suite">
              </div> <!-- times-div-Testng_Cucumber_Suite -->
            </div> <!-- times-div -->
          </div> <!-- main-panel-content rounded-window-bottom -->
        </div> <!-- panel -->
        <div panel-name="reporter-Testng_Cucumber_Suite" class="panel">
          <div class="main-panel-header rounded-window-top">
            <span class="header-content">Reporter output for Testng Cucumber Suite</span>
          </div> <!-- main-panel-header rounded-window-top -->
          <div class="main-panel-content rounded-window-bottom">
          </div> <!-- main-panel-content rounded-window-bottom -->
        </div> <!-- panel -->
        <div panel-name="ignored-methods-Testng_Cucumber_Suite" class="panel">
          <div class="main-panel-header rounded-window-top">
            <span class="header-content">0 ignored methods</span>
          </div> <!-- main-panel-header rounded-window-top -->
          <div class="main-panel-content rounded-window-bottom">
          </div> <!-- main-panel-content rounded-window-bottom -->
        </div> <!-- panel -->
        <div panel-name="chronological-Testng_Cucumber_Suite" class="panel">
          <div class="main-panel-header rounded-window-top">
            <span class="header-content">Methods in chronological order</span>
          </div> <!-- main-panel-header rounded-window-top -->
          <div class="main-panel-content rounded-window-bottom">
            <div class="chronological-class">
              <div class="chronological-class-name">TestRunner.TestRunner</div> <!-- chronological-class-name -->
              <div class="configuration-class before">
                <span class="method-name">setUpClass(org.testng.TestRunner@4cc8eb05)</span>
                <span class="method-start">0 ms</span>
              </div> <!-- configuration-class before -->
              <div class="test-method">
                <img src="failed.png">
                </img>
                <span class="method-name">runScenario("Verify User and Can login", "Optional[Verify Daraz works properly]")</span>
                <span class="method-start">472 ms</span>
              </div> <!-- test-method -->
              <div class="test-method">
                <img src="failed.png">
                </img>
                <span class="method-name">runScenario("Search field Check", "Optional[Verify Daraz works properly]")</span>
                <span class="method-start">472 ms</span>
              </div> <!-- test-method -->
              <div class="test-method">
                <img src="failed.png">
                </img>
                <span class="method-name">runScenario("View With Category Field", "Optional[Verify Daraz works properly]")</span>
                <span class="method-start">472 ms</span>
              </div> <!-- test-method -->
              <div class="test-method">
                <img src="failed.png">
                </img>
                <span class="method-name">runScenario("Check User Can Sing UP", "Optional[Verify Daraz works properly]")</span>
                <span class="method-start">26392 ms</span>
              </div> <!-- test-method -->
              <div class="test-method">
                <span class="method-name">runScenario("Product Display", "Optional[Verify Product Display properly]")</span>
                <span class="method-start">26409 ms</span>
              </div> <!-- test-method -->
              <div class="test-method">
                <span class="method-name">runScenario("Verify Bikroy logo work properly", "Optional[Verify Brikroy.com Website work properly]")</span>
                <span class="method-start">42593 ms</span>
              </div> <!-- test-method -->
              <div class="test-method">
                <span class="method-name">runScenario("Verify that All Ads Option show Properly", "Optional[Verify Brikroy.com Website work properly]")</span>
                <span class="method-start">53525 ms</span>
              </div> <!-- test-method -->
              <div class="test-method">
                <span class="method-name">runScenario("Verify that Chat button show Properly", "Optional[Verify Brikroy.com Website work properly]")</span>
                <span class="method-start">60842 ms</span>
              </div> <!-- test-method -->
              <div class="test-method">
                <span class="method-name">runScenario("Verify that Login button show Properly", "Optional[Verify Brikroy.com Website work properly]")</span>
                <span class="method-start">69442 ms</span>
              </div> <!-- test-method -->
              <div class="test-method">
                <span class="method-name">runScenario("Verify that POST YOUR AD button show Properly", "Optional[Verify Brikroy.com Website work properly]...)</span>
                <span class="method-start">70702 ms</span>
              </div> <!-- test-method -->
              <div class="test-method">
                <span class="method-name">runScenario("Verify that Search bar show Properly", "Optional[Verify Brikroy icon work properly_2]")</span>
                <span class="method-start">80442 ms</span>
              </div> <!-- test-method -->
              <div class="test-method">
                <span class="method-name">runScenario("Verify that Search option work Properly", "Optional[Verify Brikroy icon work properly_2]")</span>
                <span class="method-start">91915 ms</span>
              </div> <!-- test-method -->
              <div class="test-method">
                <span class="method-name">runScenario("Verify that Language button show Properly", "Optional[Verify Brikroy icon work properly_2]")</span>
                <span class="method-start">99955 ms</span>
              </div> <!-- test-method -->
              <div class="test-method">
                <span class="method-name">runScenario("Verify that Location button show Properly", "Optional[Verify Brikroy icon work properly_2]")</span>
                <span class="method-start">129380 ms</span>
              </div> <!-- test-method -->
              <div class="configuration-class after">
                <span class="method-name">tearDownClass</span>
                <span class="method-start">251064 ms</span>
              </div> <!-- configuration-class after -->
          </div> <!-- main-panel-content rounded-window-bottom -->
        </div> <!-- panel -->
      </div> <!-- main-panel-root -->
    </div> <!-- wrapper -->
  </body>
<script type="text/javascript" src="testng-reports2.js"></script>
</html>
